PRIMARY SECONDARY
M41L 	E44D
M41L 	E44A
M41L 	V118I
L210W	E44D
L210W	E44A
L210W	V118I
T215Y	E44D
T215Y	E44A
T215Y	V118I
M41L 	N348I
T215Y	N348I
T215F	N348I
M184V	N348I
M184I	N348I
K103N	N348I
Y181C	N348I
Y181I	N348I
M41L 	K43E
D67N	K43E
K70R	K43E
L210W	K43E
T215F	K43E
T215Y	K43E
K219Q	K43E
K219E	K43E
M41L 	K43Q
D67N	K43Q
K70R	K43Q
L210W	K43Q
T215F	K43Q
T215Y	K43Q
K219Q	K43Q
K219E	K43Q
M41L 	K43N
D67N	K43N
K70R	K43N
L210W	K43N
T215F	K43N
T215Y	K43N
K219Q	K43N
K219E	K43N
M41L 	H208Y
D67N	H208Y
K70R	H208Y
L210W	H208Y
T215F	H208Y
T215Y	H208Y
K219Q	H208Y
K219E	H208Y
M41L 	D218E
D67N	D218E
K70R	D218E
L210W	D218E
T215F	D218E
T215Y	D218E
K219Q	D218E
K219E	D218E
M41L 	H221Y
D67N	H221Y
K70R	H221Y
L210W	H221Y
T215F	H221Y
T215Y	H221Y
K219Q	H221Y
K219E	H221Y
M41L 	L228H
D67N	L228H
K70R	L228H
L210W	L228H
T215F	L228H
T215Y	L228H
K219Q	L228H
K219E	L228H
M41L 	L228R
D67N	L228R
K70R	L228R
L210W	L228R
T215F	L228R
T215Y	L228R
K219Q	L228R
K219E	L228R
K103N	L100I
K103N	K101P
K103N	P225H
K103N	K238T
K103N	K238N
V106A	F227L
Y181C	V179F
Y181I	V179F
Y181V	V179F
Y181C	L234I
Y181C	L318F
K103R	V179D